Start testing: Apr 24 18:29 CST
----------------------------------------------------------
2/2 Testing: smoke_halloc_stress_tests
2/2 Test: smoke_halloc_stress_tests
Command: "/Users/minghan/minghan/cs/cpp-projs/halloc/build-asan/halloc_stress_tests" "LABELS" "stress;smoke"
Directory: /Users/minghan/minghan/cs/cpp-projs/halloc/build-asan
"smoke_halloc_stress_tests" start time: Apr 24 18:29 CST
Output:
----------------------------------------------------------
halloc stress tests placeholder
<end of output>
Test time =   0.00 sec
----------------------------------------------------------
Test Passed.
"smoke_halloc_stress_tests" end time: Apr 24 18:29 CST
"smoke_halloc_stress_tests" time elapsed: 00:00:00
----------------------------------------------------------

1/2 Testing: smoke_halloc_unit_tests
1/2 Test: smoke_halloc_unit_tests
Command: "/Users/minghan/minghan/cs/cpp-projs/halloc/build-asan/halloc_unit_tests" "LABELS" "unit;smoke"
Directory: /Users/minghan/minghan/cs/cpp-projs/halloc/build-asan
"smoke_halloc_unit_tests" start time: Apr 24 18:29 CST
Output:
----------------------------------------------------------
halloc unit tests
<end of output>
Test time =   0.01 sec
----------------------------------------------------------
Test Passed.
"smoke_halloc_unit_tests" end time: Apr 24 18:29 CST
"smoke_halloc_unit_tests" time elapsed: 00:00:00
----------------------------------------------------------

End testing: Apr 24 18:29 CST
